This file contains any messages produced by compilers while
running configure, to aid debugging if configure makes a mistake.

It was created by libsecp256k1 configure 0.2.0, which was
generated by GNU Autoconf 2.71.  Invocation command line was

  $ configure --disable-tests --disable-benchmark --enable-experimental --enable-module-schnorrsig --enable-external-default-callbacks --with-pic --disable-shared

## --------- ##
## Platform. ##
## --------- ##

hostname = pop-os
uname -m = x86_64
uname -r = 6.0.12-76060006-generic
uname -s = Linux
uname -v = #202212290932~1671652965~22.04~452ea9d SMP PREEMPT_DYNAMIC Wed D

/usr/bin/uname -p = x86_64
/bin/uname -X     = unknown

/bin/arch              = x86_64
/usr/bin/arch -k       = unknown
/usr/convex/getsysinfo = unknown
/usr/bin/hostinfo      = unknown
/bin/machine           = unknown
/usr/bin/oslevel       = unknown
/bin/universe          = unknown

PATH: /home/kappa/.pyenv/versions/Btclib_libsecp256k1/bin/
PATH: /home/kappa/.pyenv/libexec/
PATH: /home/kappa/.pyenv/plugins/python-build/bin/
PATH: /home/kappa/.pyenv/plugins/pyenv-virtualenv/bin/
PATH: /home/kappa/.pyenv/plugins/pyenv-update/bin/
PATH: /home/kappa/.pyenv/plugins/pyenv-installer/bin/
PATH: /home/kappa/.pyenv/plugins/pyenv-doctor/bin/
PATH: /home/kappa/.goenv/shims/
PATH: /home/kappa/.nodenv/shims/
PATH: /home/kappa/.pyenv/plugins/pyenv-virtualenv/shims/
PATH: /home/kappa/.pyenv/shims/
PATH: /home/kappa/go/1.18.1/bin/
PATH: /home/kappa/.goenv/versions/1.18.1/bin/
PATH: /home/kappa/.goenv/bin/
PATH: /home/kappa/.nodenv/bin/
PATH: /home/kappa/.local/bin/
PATH: /home/kappa/.pyenv/bin/
PATH: /home/kappa/.cargo/bin/
PATH: /usr/local/sbin/
PATH: /usr/local/bin/
PATH: /usr/sbin/
PATH: /usr/bin/
PATH: /sbin/
PATH: /bin/
PATH: /usr/games/
PATH: /usr/local/games/
PATH: /snap/bin/
PATH: /snap/bin/
PATH: /usr/lib/cuda/bin/


## ----------- ##
## Core tests. ##
## ----------- ##

configure:2465: looking for aux files: ltmain.sh ar-lib compile missing install-sh config.guess config.sub
configure:2478:  trying ./build-aux/
configure:2507:   ./build-aux/ltmain.sh found
configure:2507:   ./build-aux/ar-lib found
configure:2507:   ./build-aux/compile found
configure:2507:   ./build-aux/missing found
configure:2489:   ./build-aux/install-sh found
configure:2507:   ./build-aux/config.guess found
configure:2507:   ./build-aux/config.sub found
configure:2628: checking build system type
configure:2643: result: x86_64-pc-linux-gnu
configure:2663: checking host system type
configure:2677: result: x86_64-pc-linux-gnu
configure:2719: checking for a BSD-compatible install
configure:2792: result: /usr/bin/install -c
configure:2803: checking whether build environment is sane
configure:2858: result: yes
configure:3017: checking for a race-free mkdir -p
configure:3061: result: /usr/bin/mkdir -p
configure:3068: checking for gawk
configure:3089: found /usr/bin/gawk
configure:3100: result: gawk
configure:3111: checking whether make sets $(MAKE)
configure:3134: result: yes
configure:3164: checking whether make supports nested variables
configure:3182: result: yes
configure:3332: checking whether make supports nested variables
configure:3350: result: yes
configure:3424: checking for gcc
configure:3445: found /usr/bin/gcc
configure:3456: result: gcc
configure:3809: checking for C compiler version
configure:3818: gcc --version >&5
gcc (Ubuntu 11.3.0-1ubuntu1~22.04) 11.3.0
Copyright (C) 2021 Free Software Foundation, Inc.
This is free software; see the source for copying conditions.  There is NO
warranty; not even for MERCHANTABILITY or FITNESS FOR A PARTICULAR PURPOSE.

configure:3829: $? = 0
configure:3818: gcc -v >&5
Using built-in specs.
COLLECT_GCC=gcc
COLLECT_LTO_WRAPPER=/usr/lib/gcc/x86_64-linux-gnu/11/lto-wrapper
OFFLOAD_TARGET_NAMES=nvptx-none:amdgcn-amdhsa
OFFLOAD_TARGET_DEFAULT=1
Target: x86_64-linux-gnu
Configured with: ../src/configure -v --with-pkgversion='Ubuntu 11.3.0-1ubuntu1~22.04' --with-bugurl=file:///usr/share/doc/gcc-11/README.Bugs --enable-languages=c,ada,c++,go,brig,d,fortran,objc,obj-c++,m2 --prefix=/usr --with-gcc-major-version-only --program-suffix=-11 --program-prefix=x86_64-linux-gnu- --enable-shared --enable-linker-build-id --libexecdir=/usr/lib --without-included-gettext --enable-threads=posix --libdir=/usr/lib --enable-nls --enable-bootstrap --enable-clocale=gnu --enable-libstdcxx-debug --enable-libstdcxx-time=yes --with-default-libstdcxx-abi=new --enable-gnu-unique-object --disable-vtable-verify --enable-plugin --enable-default-pie --with-system-zlib --enable-libphobos-checking=release --with-target-system-zlib=auto --enable-objc-gc=auto --enable-multiarch --disable-werror --enable-cet --with-arch-32=i686 --with-abi=m64 --with-multilib-list=m32,m64,mx32 --enable-multilib --with-tune=generic --enable-offload-targets=nvptx-none=/build/gcc-11-xKiWfi/gcc-11-11.3.0/debian/tmp-nvptx/usr,amdgcn-amdhsa=/build/gcc-11-xKiWfi/gcc-11-11.3.0/debian/tmp-gcn/usr --without-cuda-driver --enable-checking=release --build=x86_64-linux-gnu --host=x86_64-linux-gnu --target=x86_64-linux-gnu --with-build-config=bootstrap-lto-lean --enable-link-serialization=2
Thread model: posix
Supported LTO compression algorithms: zlib zstd
gcc version 11.3.0 (Ubuntu 11.3.0-1ubuntu1~22.04) 
... rest of stderr output deleted ...
configure:3829: $? = 0
configure:3818: gcc -V >&5
gcc: error: unrecognized command-line option '-V'
gcc: fatal error: no input files
compilation terminated.
configure:3829: $? = 1
configure:3818: gcc -qversion >&5
gcc: error: unrecognized command-line option '-qversion'; did you mean '--version'?
gcc: fatal error: no input files
compilation terminated.
configure:3829: $? = 1
configure:3818: gcc -version >&5
gcc: error: unrecognized command-line option '-version'
gcc: fatal error: no input files
compilation terminated.
configure:3829: $? = 1
configure:3849: checking whether the C compiler works
configure:3871: gcc    conftest.c  >&5
configure:3875: $? = 0
configure:3925: result: yes
configure:3928: checking for C compiler default output file name
configure:3930: result: a.out
configure:3936: checking for suffix of executables
configure:3943: gcc -o conftest    conftest.c  >&5
configure:3947: $? = 0
configure:3970: result: 
configure:3992: checking whether we are cross compiling
configure:4000: gcc -o conftest    conftest.c  >&5
configure:4004: $? = 0
configure:4011: ./conftest
configure:4015: $? = 0
configure:4030: result: no
configure:4035: checking for suffix of object files
configure:4058: gcc -c   conftest.c >&5
configure:4062: $? = 0
configure:4084: result: o
configure:4088: checking whether the compiler supports GNU C
configure:4108: gcc -c   conftest.c >&5
configure:4108: $? = 0
configure:4118: result: yes
configure:4129: checking whether gcc accepts -g
configure:4150: gcc -c -g  conftest.c >&5
configure:4150: $? = 0
configure:4194: result: yes
configure:4214: checking for gcc option to enable C11 features
configure:4229: gcc  -c -g -O2  conftest.c >&5
configure:4229: $? = 0
configure:4247: result: none needed
configure:4363: checking whether gcc understands -c and -o together
configure:4386: gcc -c conftest.c -o conftest2.o
configure:4389: $? = 0
configure:4386: gcc -c conftest.c -o conftest2.o
configure:4389: $? = 0
configure:4401: result: yes
configure:4421: checking whether make supports the include directive
configure:4436: make -f confmf.GNU && cat confinc.out
this is the am__doit target
configure:4439: $? = 0
configure:4458: result: yes (GNU style)
configure:4484: checking dependency style of gcc
configure:4596: result: gcc3
configure:4620: checking dependency style of gcc
configure:4730: result: gcc3
configure:4801: checking for ar
configure:4822: found /usr/bin/ar
configure:4833: result: ar
configure:4859: checking the archiver (ar) interface
configure:4876: gcc -c -g -O2  conftest.c >&5
configure:4876: $? = 0
configure:4879: ar cru libconftest.a conftest.o >&5
ar: `u' modifier ignored since `D' is the default (see `U')
configure:4882: $? = 0
configure:4910: result: ar
configure:4983: checking how to print strings
configure:5010: result: printf
configure:5031: checking for a sed that does not truncate output
configure:5101: result: /usr/bin/sed
configure:5119: checking for grep that handles long lines and -e
configure:5183: result: /usr/bin/grep
configure:5188: checking for egrep
configure:5256: result: /usr/bin/grep -E
configure:5261: checking for fgrep
configure:5329: result: /usr/bin/grep -F
configure:5365: checking for ld used by gcc
configure:5433: result: /usr/bin/ld
configure:5440: checking if the linker (/usr/bin/ld) is GNU ld
configure:5456: result: yes
configure:5468: checking for BSD- or MS-compatible name lister (nm)
configure:5523: result: /usr/bin/nm -B
configure:5663: checking the name lister (/usr/bin/nm -B) interface
configure:5671: gcc -c -g -O2  conftest.c >&5
configure:5674: /usr/bin/nm -B "conftest.o"
configure:5677: output
0000000000000000 B some_variable
configure:5684: result: BSD nm
configure:5687: checking whether ln -s works
configure:5691: result: yes
configure:5699: checking the maximum length of command line arguments
configure:5831: result: 1572864
configure:5879: checking how to convert x86_64-pc-linux-gnu file names to x86_64-pc-linux-gnu format
configure:5920: result: func_convert_file_noop
configure:5927: checking how to convert x86_64-pc-linux-gnu file names to toolchain format
configure:5948: result: func_convert_file_noop
configure:5955: checking for /usr/bin/ld option to reload object files
configure:5963: result: -r
configure:6042: checking for objdump
configure:6063: found /usr/bin/objdump
configure:6074: result: objdump
configure:6103: checking how to recognize dependent libraries
configure:6304: result: pass_all
configure:6394: checking for dlltool
configure:6429: result: no
configure:6456: checking how to associate runtime and link libraries
configure:6484: result: printf %s\n
configure:6618: checking for archiver @FILE support
configure:6636: gcc -c -g -O2  conftest.c >&5
configure:6636: $? = 0
configure:6640: ar cr libconftest.a @conftest.lst >&5
configure:6643: $? = 0
configure:6648: ar cr libconftest.a @conftest.lst >&5
ar: conftest.o: No such file or directory
configure:6651: $? = 1
configure:6663: result: @
configure:6726: checking for strip
configure:6747: found /usr/bin/strip
configure:6758: result: strip
configure:6835: checking for ranlib
configure:6856: found /usr/bin/ranlib
configure:6867: result: ranlib
configure:6969: checking command to parse /usr/bin/nm -B output from gcc object
configure:7123: gcc -c -g -O2  conftest.c >&5
configure:7126: $? = 0
configure:7130: /usr/bin/nm -B conftest.o | sed -n -e 's/^.*[	 ]\([ABCDGIRSTW][ABCDGIRSTW]*\)[	 ][	 ]*\([_A-Za-z][_A-Za-z0-9]*\)$/\1 \2 \2/p' | sed '/ __gnu_lto/d' > conftest.nm
configure:7196: gcc -o conftest -g -O2   conftest.c conftstm.o >&5
configure:7199: $? = 0
configure:7237: result: ok
configure:7284: checking for sysroot
configure:7315: result: no
configure:7322: checking for a working dd
configure:7366: result: /usr/bin/dd
configure:7370: checking how to truncate binary pipes
configure:7386: result: /usr/bin/dd bs=4096 count=1
configure:7523: gcc -c -g -O2  conftest.c >&5
configure:7526: $? = 0
configure:7723: checking for mt
configure:7744: found /usr/bin/mt
configure:7755: result: mt
configure:7778: checking if mt is a manifest tool
configure:7785: mt '-?'
configure:7793: result: no
configure:8523: checking for stdio.h
configure:8523: gcc -c -g -O2  conftest.c >&5
configure:8523: $? = 0
configure:8523: result: yes
configure:8523: checking for stdlib.h
configure:8523: gcc -c -g -O2  conftest.c >&5
configure:8523: $? = 0
configure:8523: result: yes
configure:8523: checking for string.h
configure:8523: gcc -c -g -O2  conftest.c >&5
configure:8523: $? = 0
configure:8523: result: yes
configure:8523: checking for inttypes.h
configure:8523: gcc -c -g -O2  conftest.c >&5
configure:8523: $? = 0
configure:8523: result: yes
configure:8523: checking for stdint.h
configure:8523: gcc -c -g -O2  conftest.c >&5
configure:8523: $? = 0
configure:8523: result: yes
configure:8523: checking for strings.h
configure:8523: gcc -c -g -O2  conftest.c >&5
configure:8523: $? = 0
configure:8523: result: yes
configure:8523: checking for sys/stat.h
configure:8523: gcc -c -g -O2  conftest.c >&5
configure:8523: $? = 0
configure:8523: result: yes
configure:8523: checking for sys/types.h
configure:8523: gcc -c -g -O2  conftest.c >&5
configure:8523: $? = 0
configure:8523: result: yes
configure:8523: checking for unistd.h
configure:8523: gcc -c -g -O2  conftest.c >&5
configure:8523: $? = 0
configure:8523: result: yes
configure:8548: checking for dlfcn.h
configure:8548: gcc -c -g -O2  conftest.c >&5
configure:8548: $? = 0
configure:8548: result: yes
configure:9135: checking for objdir
configure:9151: result: .libs
configure:9415: checking if gcc supports -fno-rtti -fno-exceptions
configure:9434: gcc -c -g -O2  -fno-rtti -fno-exceptions conftest.c >&5
cc1: warning: command-line option '-fno-rtti' is valid for C++/D/ObjC++ but not for C
configure:9438: $? = 0
configure:9451: result: no
configure:9815: checking for gcc option to produce PIC
configure:9823: result: -fPIC -DPIC
configure:9831: checking if gcc PIC flag -fPIC -DPIC works
configure:9850: gcc -c -g -O2  -fPIC -DPIC -DPIC conftest.c >&5
configure:9854: $? = 0
configure:9867: result: yes
configure:9896: checking if gcc static flag -static works
configure:9925: result: yes
configure:9940: checking if gcc supports -c -o file.o
configure:9962: gcc -c -g -O2  -o out/conftest2.o conftest.c >&5
configure:9966: $? = 0
configure:9988: result: yes
configure:9996: checking if gcc supports -c -o file.o
configure:10044: result: yes
configure:10077: checking whether the gcc linker (/usr/bin/ld -m elf_x86_64) supports shared libraries
configure:11347: result: yes
configure:11588: checking dynamic linker characteristics
configure:12170: gcc -o conftest -g -O2   -Wl,-rpath -Wl,/foo conftest.c  >&5
configure:12170: $? = 0
configure:12421: result: GNU/Linux ld.so
configure:12543: checking how to hardcode library paths into programs
configure:12568: result: immediate
configure:13120: checking whether stripping libraries is possible
configure:13125: result: yes
configure:13160: checking if libtool supports shared libraries
configure:13162: result: yes
configure:13165: checking whether to build shared libraries
configure:13190: result: no
configure:13193: checking whether to build static libraries
configure:13197: result: yes
configure:13371: checking if gcc supports -Werror=unknown-warning-option
configure:13379: gcc -c -Werror=unknown-warning-option -g -O2  conftest.c >&5
cc1: error: '-Werror=unknown-warning-option': no option '-Wunknown-warning-option'
configure:13379: $? = 1
configure: failed program was:
| /* confdefs.h */
| #define PACKAGE_NAME "libsecp256k1"
| #define PACKAGE_TARNAME "libsecp256k1"
| #define PACKAGE_VERSION "0.2.0"
| #define PACKAGE_STRING "libsecp256k1 0.2.0"
| #define PACKAGE_BUGREPORT "https://github.com/bitcoin-core/secp256k1/issues"
| #define PACKAGE_URL "https://github.com/bitcoin-core/secp256k1"
| #define PACKAGE "libsecp256k1"
| #define VERSION "0.2.0"
| #define HAVE_STDIO_H 1
| #define HAVE_STDLIB_H 1
| #define HAVE_STRING_H 1
| #define HAVE_INTTYPES_H 1
| #define HAVE_STDINT_H 1
| #define HAVE_STRINGS_H 1
| #define HAVE_SYS_STAT_H 1
| #define HAVE_SYS_TYPES_H 1
| #define HAVE_UNISTD_H 1
| #define STDC_HEADERS 1
| #define HAVE_DLFCN_H 1
| #define LT_OBJDIR ".libs/"
| /* end confdefs.h.  */
| char foo;
configure:13386: result: no
configure:13397: checking if gcc supports -std=c89 -pedantic -Wno-long-long -Wnested-externs -Wshadow -Wstrict-prototypes -Wundef
configure:13405: gcc -c -std=c89 -pedantic -Wno-long-long -Wnested-externs -Wshadow -Wstrict-prototypes -Wundef -g -O2  conftest.c >&5
configure:13405: $? = 0
configure:13412: result: yes
configure:13422: checking if gcc supports -Wno-overlength-strings
configure:13430: gcc -c -Wno-overlength-strings -g -O2  conftest.c >&5
configure:13430: $? = 0
configure:13437: result: yes
configure:13447: checking if gcc supports -Wall
configure:13455: gcc -c -Wall -g -O2  conftest.c >&5
configure:13455: $? = 0
configure:13462: result: yes
configure:13472: checking if gcc supports -Wno-unused-function
configure:13480: gcc -c -Wno-unused-function -g -O2  conftest.c >&5
configure:13480: $? = 0
configure:13487: result: yes
configure:13497: checking if gcc supports -Wextra
configure:13505: gcc -c -Wextra -g -O2  conftest.c >&5
configure:13505: $? = 0
configure:13512: result: yes
configure:13522: checking if gcc supports -Wcast-align
configure:13530: gcc -c -Wcast-align -g -O2  conftest.c >&5
configure:13530: $? = 0
configure:13537: result: yes
configure:13547: checking if gcc supports -Wcast-align=strict
configure:13555: gcc -c -Wcast-align=strict -g -O2  conftest.c >&5
configure:13555: $? = 0
configure:13562: result: yes
configure:13572: checking if gcc supports -Wconditional-uninitialized
configure:13580: gcc -c -Wconditional-uninitialized -g -O2  conftest.c >&5
gcc: error: unrecognized command-line option '-Wconditional-uninitialized'; did you mean '-Wno-uninitialized'?
configure:13580: $? = 1
configure: failed program was:
| /* confdefs.h */
| #define PACKAGE_NAME "libsecp256k1"
| #define PACKAGE_TARNAME "libsecp256k1"
| #define PACKAGE_VERSION "0.2.0"
| #define PACKAGE_STRING "libsecp256k1 0.2.0"
| #define PACKAGE_BUGREPORT "https://github.com/bitcoin-core/secp256k1/issues"
| #define PACKAGE_URL "https://github.com/bitcoin-core/secp256k1"
| #define PACKAGE "libsecp256k1"
| #define VERSION "0.2.0"
| #define HAVE_STDIO_H 1
| #define HAVE_STDLIB_H 1
| #define HAVE_STRING_H 1
| #define HAVE_INTTYPES_H 1
| #define HAVE_STDINT_H 1
| #define HAVE_STRINGS_H 1
| #define HAVE_SYS_STAT_H 1
| #define HAVE_SYS_TYPES_H 1
| #define HAVE_UNISTD_H 1
| #define STDC_HEADERS 1
| #define HAVE_DLFCN_H 1
| #define LT_OBJDIR ".libs/"
| /* end confdefs.h.  */
| char foo;
configure:13587: result: no
configure:13597: checking if gcc supports -fvisibility=hidden
configure:13605: gcc -c -fvisibility=hidden -g -O2  conftest.c >&5
configure:13605: $? = 0
configure:13612: result: yes
configure:13960: checking for valgrind support
configure:13982: gcc -c -g -O2   conftest.c >&5
conftest.c:24:14: fatal error: valgrind/memcheck.h: No such file or directory
   24 |     #include <valgrind/memcheck.h>
      |              ^~~~~~~~~~~~~~~~~~~~~
compilation terminated.
configure:13982: $? = 1
configure: failed program was:
| /* confdefs.h */
| #define PACKAGE_NAME "libsecp256k1"
| #define PACKAGE_TARNAME "libsecp256k1"
| #define PACKAGE_VERSION "0.2.0"
| #define PACKAGE_STRING "libsecp256k1 0.2.0"
| #define PACKAGE_BUGREPORT "https://github.com/bitcoin-core/secp256k1/issues"
| #define PACKAGE_URL "https://github.com/bitcoin-core/secp256k1"
| #define PACKAGE "libsecp256k1"
| #define VERSION "0.2.0"
| #define HAVE_STDIO_H 1
| #define HAVE_STDLIB_H 1
| #define HAVE_STRING_H 1
| #define HAVE_INTTYPES_H 1
| #define HAVE_STDINT_H 1
| #define HAVE_STRINGS_H 1
| #define HAVE_SYS_STAT_H 1
| #define HAVE_SYS_TYPES_H 1
| #define HAVE_UNISTD_H 1
| #define STDC_HEADERS 1
| #define HAVE_DLFCN_H 1
| #define LT_OBJDIR ".libs/"
| /* end confdefs.h.  */
| 
|     #include <valgrind/memcheck.h>
| 
| int
| main (void)
| {
| 
|     #if defined(NVALGRIND)
|     #  error "Valgrind does not support this platform."
|     #endif
| 
|   ;
|   return 0;
| }
configure:13990: result: 
configure:14026: checking for x86_64 assembly availability
configure:14043: gcc -o conftest -g -O2    conftest.c  >&5
configure:14043: $? = 0
configure:14051: result: yes
configure:14250: ******
configure:14252: WARNING: experimental build
configure:14254: Experimental features do not have stable APIs or properties, and may not be safe for production use.
configure:14256: ******
configure:14481: checking that generated files are newer than configure
configure:14487: result: done
configure:14566: creating ./config.status

## ---------------------- ##
## Running config.status. ##
## ---------------------- ##

This file was extended by libsecp256k1 config.status 0.2.0, which was
generated by GNU Autoconf 2.71.  Invocation command line was

  CONFIG_FILES    = 
  CONFIG_HEADERS  = 
  CONFIG_LINKS    = 
  CONFIG_COMMANDS = 
  $ ./config.status 

on pop-os

config.status:: creating Makefile
config.status:: creating libsecp256k1.pc
config.status:: creating src/libsecp256k1-config.h
config.status:: executing depfiles commands
config.status:: cd .       && sed -e '/# am--include-marker/d' Makefile         | make -f - am--depfiles
config.status:: $? = 0
config.status:: executing libtool commands

## ---------------- ##
## Cache variables. ##
## ---------------- ##

ac_cv_build=x86_64-pc-linux-gnu
ac_cv_c_compiler_gnu=yes
ac_cv_env_CCASFLAGS_set=
ac_cv_env_CCASFLAGS_value=
ac_cv_env_CCAS_set=
ac_cv_env_CCAS_value=
ac_cv_env_CC_set=
ac_cv_env_CC_value=
ac_cv_env_CFLAGS_set=
ac_cv_env_CFLAGS_value=
ac_cv_env_CPPFLAGS_set=
ac_cv_env_CPPFLAGS_value=
ac_cv_env_LDFLAGS_set=
ac_cv_env_LDFLAGS_value=
ac_cv_env_LIBS_set=
ac_cv_env_LIBS_value=
ac_cv_env_LT_SYS_LIBRARY_PATH_set=
ac_cv_env_LT_SYS_LIBRARY_PATH_value=
ac_cv_env_build_alias_set=
ac_cv_env_build_alias_value=
ac_cv_env_host_alias_set=
ac_cv_env_host_alias_value=
ac_cv_env_target_alias_set=
ac_cv_env_target_alias_value=
ac_cv_header_dlfcn_h=yes
ac_cv_header_inttypes_h=yes
ac_cv_header_stdint_h=yes
ac_cv_header_stdio_h=yes
ac_cv_header_stdlib_h=yes
ac_cv_header_string_h=yes
ac_cv_header_strings_h=yes
ac_cv_header_sys_stat_h=yes
ac_cv_header_sys_types_h=yes
ac_cv_header_unistd_h=yes
ac_cv_host=x86_64-pc-linux-gnu
ac_cv_objext=o
ac_cv_path_EGREP='/usr/bin/grep -E'
ac_cv_path_FGREP='/usr/bin/grep -F'
ac_cv_path_GREP=/usr/bin/grep
ac_cv_path_SED=/usr/bin/sed
ac_cv_path_install='/usr/bin/install -c'
ac_cv_path_lt_DD=/usr/bin/dd
ac_cv_path_mkdir=/usr/bin/mkdir
ac_cv_prog_AWK=gawk
ac_cv_prog_ac_ct_CC=gcc
ac_cv_prog_ac_ct_MANIFEST_TOOL=mt
ac_cv_prog_ac_ct_OBJDUMP=objdump
ac_cv_prog_ac_ct_RANLIB=ranlib
ac_cv_prog_ac_ct_STRIP=strip
ac_cv_prog_cc_c11=
ac_cv_prog_cc_g=yes
ac_cv_prog_cc_stdc=
ac_cv_prog_make_make_set=yes
am_cv_CCAS_dependencies_compiler_type=gcc3
am_cv_CC_dependencies_compiler_type=gcc3
am_cv_ar_interface=ar
am_cv_make_support_nested_variables=yes
am_cv_prog_cc_c_o=yes
lt_cv_ar_at_file=@
lt_cv_deplibs_check_method=pass_all
lt_cv_file_magic_cmd='$MAGIC_CMD'
lt_cv_file_magic_test_file=
lt_cv_ld_reload_flag=-r
lt_cv_nm_interface='BSD nm'
lt_cv_objdir=.libs
lt_cv_path_LD=/usr/bin/ld
lt_cv_path_NM='/usr/bin/nm -B'
lt_cv_path_mainfest_tool=no
lt_cv_prog_compiler_c_o=yes
lt_cv_prog_compiler_pic='-fPIC -DPIC'
lt_cv_prog_compiler_pic_works=yes
lt_cv_prog_compiler_rtti_exceptions=no
lt_cv_prog_compiler_static_works=yes
lt_cv_prog_gnu_ld=yes
lt_cv_sharedlib_from_linklib_cmd='printf %s\n'
lt_cv_shlibpath_overrides_runpath=yes
lt_cv_sys_global_symbol_pipe='sed -n -e '\''s/^.*[	 ]\([ABCDGIRSTW][ABCDGIRSTW]*\)[	 ][	 ]*\([_A-Za-z][_A-Za-z0-9]*\)$/\1 \2 \2/p'\'' | sed '\''/ __gnu_lto/d'\'''
lt_cv_sys_global_symbol_to_c_name_address='sed -n -e '\''s/^: \(.*\) .*$/  {"\1", (void *) 0},/p'\'' -e '\''s/^[ABCDGIRSTW][ABCDGIRSTW]* .* \(.*\)$/  {"\1", (void *) \&\1},/p'\'''
lt_cv_sys_global_symbol_to_c_name_address_lib_prefix='sed -n -e '\''s/^: \(.*\) .*$/  {"\1", (void *) 0},/p'\'' -e '\''s/^[ABCDGIRSTW][ABCDGIRSTW]* .* \(lib.*\)$/  {"\1", (void *) \&\1},/p'\'' -e '\''s/^[ABCDGIRSTW][ABCDGIRSTW]* .* \(.*\)$/  {"lib\1", (void *) \&\1},/p'\'''
lt_cv_sys_global_symbol_to_cdecl='sed -n -e '\''s/^T .* \(.*\)$/extern int \1();/p'\'' -e '\''s/^[ABCDGIRSTW][ABCDGIRSTW]* .* \(.*\)$/extern char \1;/p'\'''
lt_cv_sys_global_symbol_to_import=
lt_cv_sys_max_cmd_len=1572864
lt_cv_to_host_file_cmd=func_convert_file_noop
lt_cv_to_tool_file_cmd=func_convert_file_noop
lt_cv_truncate_bin='/usr/bin/dd bs=4096 count=1'

## ----------------- ##
## Output variables. ##
## ----------------- ##

ACLOCAL='${SHELL} '\''/home/kappa/Programming/Cryptocurrencies/btclib-libsecp256k1/secp256k1/build-aux/missing'\'' aclocal-1.16'
AMDEPBACKSLASH='\'
AMDEP_FALSE='#'
AMDEP_TRUE=''
AMTAR='$${TAR-tar}'
AM_BACKSLASH='\'
AM_DEFAULT_V='$(AM_DEFAULT_VERBOSITY)'
AM_DEFAULT_VERBOSITY='0'
AM_V='$(V)'
AR='ar'
AS='as'
AUTOCONF='${SHELL} '\''/home/kappa/Programming/Cryptocurrencies/btclib-libsecp256k1/secp256k1/build-aux/missing'\'' autoconf'
AUTOHEADER='${SHELL} '\''/home/kappa/Programming/Cryptocurrencies/btclib-libsecp256k1/secp256k1/build-aux/missing'\'' autoheader'
AUTOMAKE='${SHELL} '\''/home/kappa/Programming/Cryptocurrencies/btclib-libsecp256k1/secp256k1/build-aux/missing'\'' automake-1.16'
AWK='gawk'
BREW=''
BUILD_WINDOWS_FALSE=''
BUILD_WINDOWS_TRUE='#'
CC='gcc'
CCAS='gcc'
CCASDEPMODE='depmode=gcc3'
CCASFLAGS='-g -O2'
CCDEPMODE='depmode=gcc3'
CFLAGS='-g -O2'
CPPFLAGS=' '
CSCOPE='cscope'
CTAGS='ctags'
CYGPATH_W='echo'
DEFS='-DHAVE_CONFIG_H'
DEPDIR='.deps'
DLLTOOL='false'
DSYMUTIL=''
DUMPBIN=''
ECHO_C=''
ECHO_N='-n'
ECHO_T=''
EGREP='/usr/bin/grep -E'
ENABLE_COVERAGE_FALSE=''
ENABLE_COVERAGE_TRUE='#'
ENABLE_MODULE_ECDH_FALSE='#'
ENABLE_MODULE_ECDH_TRUE=''
ENABLE_MODULE_EXTRAKEYS_FALSE='#'
ENABLE_MODULE_EXTRAKEYS_TRUE=''
ENABLE_MODULE_RECOVERY_FALSE=''
ENABLE_MODULE_RECOVERY_TRUE='#'
ENABLE_MODULE_SCHNORRSIG_FALSE='#'
ENABLE_MODULE_SCHNORRSIG_TRUE=''
ETAGS='etags'
EXEEXT=''
FGREP='/usr/bin/grep -F'
GREP='/usr/bin/grep'
INSTALL_DATA='${INSTALL} -m 644'
INSTALL_PROGRAM='${INSTALL}'
INSTALL_SCRIPT='${INSTALL}'
INSTALL_STRIP_PROGRAM='$(install_sh) -c -s'
LD='/usr/bin/ld -m elf_x86_64'
LDFLAGS=''
LIBOBJS=''
LIBS=''
LIBTOOL='$(SHELL) $(top_builddir)/libtool'
LIB_VERSION_AGE='0'
LIB_VERSION_CURRENT='1'
LIB_VERSION_REVISION='0'
LIPO=''
LN_S='ln -s'
LTLIBOBJS=''
LT_SYS_LIBRARY_PATH=''
MAKEINFO='${SHELL} '\''/home/kappa/Programming/Cryptocurrencies/btclib-libsecp256k1/secp256k1/build-aux/missing'\'' makeinfo'
MANIFEST_TOOL=':'
MKDIR_P='/usr/bin/mkdir -p'
NM='/usr/bin/nm -B'
NMEDIT=''
OBJDUMP='objdump'
OBJEXT='o'
OTOOL64=''
OTOOL=''
PACKAGE='libsecp256k1'
PACKAGE_BUGREPORT='https://github.com/bitcoin-core/secp256k1/issues'
PACKAGE_NAME='libsecp256k1'
PACKAGE_STRING='libsecp256k1 0.2.0'
PACKAGE_TARNAME='libsecp256k1'
PACKAGE_URL='https://github.com/bitcoin-core/secp256k1'
PACKAGE_VERSION='0.2.0'
PATH_SEPARATOR=':'
PORT=''
RANLIB='ranlib'
SECP_CFLAGS='-O2  -std=c89 -pedantic -Wno-long-long -Wnested-externs -Wshadow -Wstrict-prototypes -Wundef -Wno-overlength-strings -Wall -Wno-unused-function -Wextra -Wcast-align -Wcast-align=strict -fvisibility=hidden '
SECP_INCLUDES=''
SECP_LIBS=''
SECP_TEST_INCLUDES=''
SECP_TEST_LIBS=''
SED='/usr/bin/sed'
SET_MAKE=''
SHELL='/bin/sh'
STRIP='strip'
USE_ASM_ARM_FALSE=''
USE_ASM_ARM_TRUE='#'
USE_BENCHMARK_FALSE=''
USE_BENCHMARK_TRUE='#'
USE_EXAMPLES_FALSE=''
USE_EXAMPLES_TRUE='#'
USE_EXHAUSTIVE_TESTS_FALSE='#'
USE_EXHAUSTIVE_TESTS_TRUE=''
USE_EXTERNAL_ASM_FALSE=''
USE_EXTERNAL_ASM_TRUE='#'
USE_TESTS_FALSE=''
USE_TESTS_TRUE='#'
VALGRIND_ENABLED_FALSE=''
VALGRIND_ENABLED_TRUE='#'
VERSION='0.2.0'
ac_ct_AR='ar'
ac_ct_CC='gcc'
ac_ct_DUMPBIN=''
am__EXEEXT_FALSE=''
am__EXEEXT_TRUE='#'
am__fastdepCCAS_FALSE='#'
am__fastdepCCAS_TRUE=''
am__fastdepCC_FALSE='#'
am__fastdepCC_TRUE=''
am__include='include'
am__isrc=''
am__leading_dot='.'
am__nodep='_no'
am__quote=''
am__tar='$${TAR-tar} chof - "$$tardir"'
am__untar='$${TAR-tar} xf -'
bindir='${exec_prefix}/bin'
build='x86_64-pc-linux-gnu'
build_alias=''
build_cpu='x86_64'
build_os='linux-gnu'
build_vendor='pc'
datadir='${datarootdir}'
datarootdir='${prefix}/share'
docdir='${datarootdir}/doc/${PACKAGE_TARNAME}'
dvidir='${docdir}'
exec_prefix='${prefix}'
host='x86_64-pc-linux-gnu'
host_alias=''
host_cpu='x86_64'
host_os='linux-gnu'
host_vendor='pc'
htmldir='${docdir}'
includedir='${prefix}/include'
infodir='${datarootdir}/info'
install_sh='${SHELL} /home/kappa/Programming/Cryptocurrencies/btclib-libsecp256k1/secp256k1/build-aux/install-sh'
libdir='${exec_prefix}/lib'
libexecdir='${exec_prefix}/libexec'
localedir='${datarootdir}/locale'
localstatedir='${prefix}/var'
mandir='${datarootdir}/man'
mkdir_p='$(MKDIR_P)'
oldincludedir='/usr/include'
pdfdir='${docdir}'
prefix='/usr/local'
program_transform_name='s,x,x,'
psdir='${docdir}'
runstatedir='${localstatedir}/run'
sbindir='${exec_prefix}/sbin'
sharedstatedir='${prefix}/com'
sysconfdir='${prefix}/etc'
target_alias=''

## ----------- ##
## confdefs.h. ##
## ----------- ##

/* confdefs.h */
#define PACKAGE_NAME "libsecp256k1"
#define PACKAGE_TARNAME "libsecp256k1"
#define PACKAGE_VERSION "0.2.0"
#define PACKAGE_STRING "libsecp256k1 0.2.0"
#define PACKAGE_BUGREPORT "https://github.com/bitcoin-core/secp256k1/issues"
#define PACKAGE_URL "https://github.com/bitcoin-core/secp256k1"
#define PACKAGE "libsecp256k1"
#define VERSION "0.2.0"
#define HAVE_STDIO_H 1
#define HAVE_STDLIB_H 1
#define HAVE_STRING_H 1
#define HAVE_INTTYPES_H 1
#define HAVE_STDINT_H 1
#define HAVE_STRINGS_H 1
#define HAVE_SYS_STAT_H 1
#define HAVE_SYS_TYPES_H 1
#define HAVE_UNISTD_H 1
#define STDC_HEADERS 1
#define HAVE_DLFCN_H 1
#define LT_OBJDIR ".libs/"
#define USE_ASM_X86_64 1
#define ECMULT_WINDOW_SIZE 15
#define ECMULT_GEN_PREC_BITS 4
#define ENABLE_MODULE_ECDH 1
#define ENABLE_MODULE_SCHNORRSIG 1
#define ENABLE_MODULE_EXTRAKEYS 1
#define USE_EXTERNAL_DEFAULT_CALLBACKS 1

configure: exit 0

## ---------------------- ##
## Running config.status. ##
## ---------------------- ##

This file was extended by libsecp256k1 config.status 0.2.0, which was
generated by GNU Autoconf 2.71.  Invocation command line was

  CONFIG_FILES    = 
  CONFIG_HEADERS  = 
  CONFIG_LINKS    = 
  CONFIG_COMMANDS = 
  $ ./config.status Makefile depfiles

on pop-os

config.status:: creating Makefile
config.status:: executing depfiles commands
config.status:: cd .       && sed -e '/# am--include-marker/d' Makefile         | make -f - am--depfiles
make[1]: Entering directory '/home/kappa/Programming/Cryptocurrencies/btclib-libsecp256k1/secp256k1'
make[1]: Nothing to be done for 'am--depfiles'.
make[1]: Leaving directory '/home/kappa/Programming/Cryptocurrencies/btclib-libsecp256k1/secp256k1'
config.status:: $? = 0
