2023-01-29 08:32:15 ./goldendoodle/doctest&sphinx.sh I command: cd /home/ertophchriswooderish/projects/Goldendoodle/goldendoodle rc=0 <= allowed rc=0
Updating dependencies
Resolving dependencies...

No dependencies to install or update
2023-01-29 08:32:15 ./goldendoodle/doctest&sphinx.sh I command: poetry update rc=0 <= allowed rc=0
2023-01-29 08:32:15 ./goldendoodle/doctest&sphinx.sh I command: python -m doctest -o FAIL_FAST ./goldendoodle/spiders/__init__.py
./goldendoodle/spiders/utils/__init__.py
./goldendoodle/spiders/utils/gldnddl_utils.py
./goldendoodle/spiders/items.py
./goldendoodle/spiders/recherchedechaîne_gldnddl.py
./goldendoodle/middlewares.py
./goldendoodle/settings.py
./goldendoodle/pipelines.py rc=0 <= allowed rc=0
[01mSphinx v5.3.0 in Verwendung[39;49;00m
['/home/ertophchriswooderish/.cache/pypoetry/virtualenvs/goldendoodle-vvhv2GqQ-py3.11/bin', '/usr/lib64/python311.zip', '/usr/lib64/python3.11', '/usr/lib64/python3.11/lib-dynload', '/home/ertophchriswooderish/.cache/pypoetry/virtualenvs/goldendoodle-vvhv2GqQ-py3.11/lib64/python3.11/site-packages', '/home/ertophchriswooderish/.cache/pypoetry/virtualenvs/goldendoodle-vvhv2GqQ-py3.11/lib/python3.11/site-packages', '/home/ertophchriswooderish/projects/Goldendoodle', '/home/ertophchriswooderish/projects/Goldendoodle']
[01mloading pickled environment... [39;49;00merledigt
[01mmyst v0.18.1:[39;49;00m MdParserConfig(commonmark_only=False, gfm_only=False, enable_extensions=['colon_fence', 'deflist', 'dollarmath', 'fieldlist', 'html_admonition', 'html_image', 'replacements', 'smartquotes', 'strikethrough', 'substitution', 'tasklist'], disable_syntax=[], all_links_external=False, url_schemes=('http', 'https', 'mailto', 'ftp'), ref_domains=None, highlight_code_blocks=True, number_code_blocks=[], title_to_header=False, heading_anchors=None, heading_slug_func=None, footnote_transition=True, words_per_minute=200, sub_delimiters=('{', '}'), linkify_fuzzy_links=True, dmath_allow_labels=True, dmath_allow_space=True, dmath_allow_digits=True, dmath_double_inline=False, update_mathjax=True, mathjax_classes='tex2jax_process|mathjax_process|math|output_area')
[01mbuilding [mo]: [39;49;00mtargets for 0 po files that are out of date
[01mbuilding [html]: [39;49;00mtargets for 1 source files that are out of date
[01mupdating environment: [39;49;00m0 added, 9 changed, 0 removed
[01mreading sources... [39;49;00m[ 11%] [35mchangelog[39;49;00m                                            [01mreading sources... [39;49;00m[ 22%] [35mgoldendoodle.middlewares[39;49;00m                             [01mreading sources... [39;49;00m[ 33%] [35mgoldendoodle.pipelines[39;49;00m                               [01mreading sources... [39;49;00m[ 44%] [35mgoldendoodle.settings[39;49;00m                                [01mreading sources... [39;49;00m[ 55%] [35mgoldendoodle.spiders[39;49;00m                                 [01mreading sources... [39;49;00m[ 66%] [35mgoldendoodle.spiders.items[39;49;00m                           [01mreading sources... [39;49;00m[ 77%] [35mgoldendoodle.spiders.recherchedechaîne_gldnddl[39;49;00m       [01mreading sources... [39;49;00m[ 88%] [35mgoldendoodle.spiders.utils[39;49;00m                           [01mreading sources... [39;49;00m[100%] [35mgoldendoodle.spiders.utils.gldnddl_utils[39;49;00m             
[01mlooking for now-outdated files... [39;49;00mnone found
[01mpickling environment... [39;49;00merledigt
[01mchecking consistency... [39;49;00merledigt
[01mpreparing documents... [39;49;00merledigt
[01mwriting output... [39;49;00m[  9%] [32mchangelog[39;49;00m                                             [01mwriting output... [39;49;00m[ 18%] [32mgoldendoodle[39;49;00m                                          [01mwriting output... [39;49;00m[ 27%] [32mgoldendoodle.middlewares[39;49;00m                              [01mwriting output... [39;49;00m[ 36%] [32mgoldendoodle.pipelines[39;49;00m                                [01mwriting output... [39;49;00m[ 45%] [32mgoldendoodle.settings[39;49;00m                                 [01mwriting output... [39;49;00m[ 54%] [32mgoldendoodle.spiders[39;49;00m                                  [01mwriting output... [39;49;00m[ 63%] [32mgoldendoodle.spiders.items[39;49;00m                            [01mwriting output... [39;49;00m[ 72%] [32mgoldendoodle.spiders.recherchedechaîne_gldnddl[39;49;00m        [01mwriting output... [39;49;00m[ 81%] [32mgoldendoodle.spiders.utils[39;49;00m                            [01mwriting output... [39;49;00m[ 90%] [32mgoldendoodle.spiders.utils.gldnddl_utils[39;49;00m              [01mwriting output... [39;49;00m[100%] [32mindex[39;49;00m                                                 
[01mgenerating indices... [39;49;00mgenindex py-modindex erledigt
[01mwriting additional pages... [39;49;00msearch erledigt
[01mcopying static files... [39;49;00merledigt
[01mcopying extra files... [39;49;00merledigt
[01mdumping search index in English (code: en)... [39;49;00merledigt
[01mdumping object inventory... [39;49;00merledigt
[01mbuild abgeschlossen, 13 warnings.[39;49;00m

The HTML pages are in docs/build.
2023-01-29 08:32:15 ./goldendoodle/doctest&sphinx.sh I command: sphinx-build -b html docs/source/ docs/build/ rc=0 <= allowed rc=0
Attention: sphinxs does not set rc after errors, so examine the output carefully.
2023-01-29 08:32:15 ./goldendoodle/doctest&sphinx.sh I command: xdg-open http://127.0.0.1:5500/goldendoodle/docs/build/index.html rc=0 <= allowed rc=0
'end of script'
2023-01-29 08:32:15 ./goldendoodle/doctest&sphinx.sh I command: echo 'end of script' rc=0 <= allowed rc=0
