Requirement already satisfied: async-generator==1.10 in /home/ertophchriswooderish/.local/share/virtualenvs/goldendoodle-2nXEMf0r/lib/python3.11/site-packages (from -r requirements.txt (line 1)) (1.10)
Requirement already satisfied: attrs==22.1.0 in /home/ertophchriswooderish/.local/share/virtualenvs/goldendoodle-2nXEMf0r/lib/python3.11/site-packages (from -r requirements.txt (line 2)) (22.1.0)
Requirement already satisfied: Automat==20.2.0 in /home/ertophchriswooderish/.local/share/virtualenvs/goldendoodle-2nXEMf0r/lib/python3.11/site-packages (from -r requirements.txt (line 3)) (20.2.0)
Requirement already satisfied: beautifulsoup4==4.11.1 in /home/ertophchriswooderish/.local/share/virtualenvs/goldendoodle-2nXEMf0r/lib/python3.11/site-packages (from -r requirements.txt (line 4)) (4.11.1)
Requirement already satisfied: certifi==2022.9.14 in /home/ertophchriswooderish/.local/share/virtualenvs/goldendoodle-2nXEMf0r/lib/python3.11/site-packages (from -r requirements.txt (line 5)) (2022.9.14)
Requirement already satisfied: cffi==1.15.1 in /home/ertophchriswooderish/.local/share/virtualenvs/goldendoodle-2nXEMf0r/lib64/python3.11/site-packages (from -r requirements.txt (line 6)) (1.15.1)
Requirement already satisfied: charset-normalizer==2.1.1 in /home/ertophchriswooderish/.local/share/virtualenvs/goldendoodle-2nXEMf0r/lib/python3.11/site-packages (from -r requirements.txt (line 7)) (2.1.1)
Requirement already satisfied: constantly==15.1.0 in /home/ertophchriswooderish/.local/share/virtualenvs/goldendoodle-2nXEMf0r/lib/python3.11/site-packages (from -r requirements.txt (line 8)) (15.1.0)
Requirement already satisfied: cryptography==38.0.1 in /home/ertophchriswooderish/.local/share/virtualenvs/goldendoodle-2nXEMf0r/lib64/python3.11/site-packages (from -r requirements.txt (line 9)) (38.0.1)
Requirement already satisfied: cssselect==1.1.0 in /home/ertophchriswooderish/.local/share/virtualenvs/goldendoodle-2nXEMf0r/lib/python3.11/site-packages (from -r requirements.txt (line 10)) (1.1.0)
Requirement already satisfied: filelock==3.8.0 in /home/ertophchriswooderish/.local/share/virtualenvs/goldendoodle-2nXEMf0r/lib/python3.11/site-packages (from -r requirements.txt (line 11)) (3.8.0)
Requirement already satisfied: h11==0.13.0 in /home/ertophchriswooderish/.local/share/virtualenvs/goldendoodle-2nXEMf0r/lib/python3.11/site-packages (from -r requirements.txt (line 12)) (0.13.0)
Requirement already satisfied: hyperlink==21.0.0 in /home/ertophchriswooderish/.local/share/virtualenvs/goldendoodle-2nXEMf0r/lib/python3.11/site-packages (from -r requirements.txt (line 13)) (21.0.0)
Requirement already satisfied: idna==3.4 in /home/ertophchriswooderish/.local/share/virtualenvs/goldendoodle-2nXEMf0r/lib/python3.11/site-packages (from -r requirements.txt (line 14)) (3.4)
Requirement already satisfied: incremental==21.3.0 in /home/ertophchriswooderish/.local/share/virtualenvs/goldendoodle-2nXEMf0r/lib/python3.11/site-packages (from -r requirements.txt (line 15)) (21.3.0)
Requirement already satisfied: itemadapter==0.7.0 in /home/ertophchriswooderish/.local/share/virtualenvs/goldendoodle-2nXEMf0r/lib/python3.11/site-packages (from -r requirements.txt (line 16)) (0.7.0)
Requirement already satisfied: itemloaders==1.0.6 in /home/ertophchriswooderish/.local/share/virtualenvs/goldendoodle-2nXEMf0r/lib/python3.11/site-packages (from -r requirements.txt (line 17)) (1.0.6)
Requirement already satisfied: jmespath==1.0.1 in /home/ertophchriswooderish/.local/share/virtualenvs/goldendoodle-2nXEMf0r/lib/python3.11/site-packages (from -r requirements.txt (line 18)) (1.0.1)
Requirement already satisfied: lxml==4.9.1 in /home/ertophchriswooderish/.local/share/virtualenvs/goldendoodle-2nXEMf0r/lib64/python3.11/site-packages (from -r requirements.txt (line 19)) (4.9.1)
Requirement already satisfied: outcome==1.2.0 in /home/ertophchriswooderish/.local/share/virtualenvs/goldendoodle-2nXEMf0r/lib/python3.11/site-packages (from -r requirements.txt (line 20)) (1.2.0)
Requirement already satisfied: parsel==1.6.0 in /home/ertophchriswooderish/.local/share/virtualenvs/goldendoodle-2nXEMf0r/lib/python3.11/site-packages (from -r requirements.txt (line 21)) (1.6.0)
Requirement already satisfied: Protego==0.2.1 in /home/ertophchriswooderish/.local/share/virtualenvs/goldendoodle-2nXEMf0r/lib/python3.11/site-packages (from -r requirements.txt (line 22)) (0.2.1)
Requirement already satisfied: pyasn1==0.4.8 in /home/ertophchriswooderish/.local/share/virtualenvs/goldendoodle-2nXEMf0r/lib/python3.11/site-packages (from -r requirements.txt (line 23)) (0.4.8)
Requirement already satisfied: pyasn1-modules==0.2.8 in /home/ertophchriswooderish/.local/share/virtualenvs/goldendoodle-2nXEMf0r/lib/python3.11/site-packages (from -r requirements.txt (line 24)) (0.2.8)
Requirement already satisfied: pycparser==2.21 in /home/ertophchriswooderish/.local/share/virtualenvs/goldendoodle-2nXEMf0r/lib/python3.11/site-packages (from -r requirements.txt (line 25)) (2.21)
Requirement already satisfied: PyDispatcher==2.0.6 in /home/ertophchriswooderish/.local/share/virtualenvs/goldendoodle-2nXEMf0r/lib/python3.11/site-packages (from -r requirements.txt (line 26)) (2.0.6)
Requirement already satisfied: pyOpenSSL==22.0.0 in /home/ertophchriswooderish/.local/share/virtualenvs/goldendoodle-2nXEMf0r/lib/python3.11/site-packages (from -r requirements.txt (line 27)) (22.0.0)
Requirement already satisfied: PySocks==1.7.1 in /home/ertophchriswooderish/.local/share/virtualenvs/goldendoodle-2nXEMf0r/lib/python3.11/site-packages (from -r requirements.txt (line 28)) (1.7.1)
Requirement already satisfied: queuelib==1.6.2 in /home/ertophchriswooderish/.local/share/virtualenvs/goldendoodle-2nXEMf0r/lib/python3.11/site-packages (from -r requirements.txt (line 29)) (1.6.2)
Requirement already satisfied: requests==2.28.1 in /home/ertophchriswooderish/.local/share/virtualenvs/goldendoodle-2nXEMf0r/lib/python3.11/site-packages (from -r requirements.txt (line 30)) (2.28.1)
Requirement already satisfied: requests-file==1.5.1 in /home/ertophchriswooderish/.local/share/virtualenvs/goldendoodle-2nXEMf0r/lib/python3.11/site-packages (from -r requirements.txt (line 31)) (1.5.1)
Collecting Scrapy==2.6.2
  Using cached Scrapy-2.6.2-py2.py3-none-any.whl (264 kB)
Requirement already satisfied: service-identity==21.1.0 in /home/ertophchriswooderish/.local/share/virtualenvs/goldendoodle-2nXEMf0r/lib/python3.11/site-packages (from -r requirements.txt (line 33)) (21.1.0)
Requirement already satisfied: six==1.16.0 in /home/ertophchriswooderish/.local/share/virtualenvs/goldendoodle-2nXEMf0r/lib/python3.11/site-packages (from -r requirements.txt (line 34)) (1.16.0)
Requirement already satisfied: sniffio==1.3.0 in /home/ertophchriswooderish/.local/share/virtualenvs/goldendoodle-2nXEMf0r/lib/python3.11/site-packages (from -r requirements.txt (line 35)) (1.3.0)
Requirement already satisfied: sortedcontainers==2.4.0 in /home/ertophchriswooderish/.local/share/virtualenvs/goldendoodle-2nXEMf0r/lib/python3.11/site-packages (from -r requirements.txt (line 36)) (2.4.0)
Requirement already satisfied: soupsieve==2.3.2.post1 in /home/ertophchriswooderish/.local/share/virtualenvs/goldendoodle-2nXEMf0r/lib/python3.11/site-packages (from -r requirements.txt (line 37)) (2.3.2.post1)
Requirement already satisfied: tldextract==3.3.1 in /home/ertophchriswooderish/.local/share/virtualenvs/goldendoodle-2nXEMf0r/lib/python3.11/site-packages (from -r requirements.txt (line 38)) (3.3.1)
Requirement already satisfied: trio==0.21.0 in /home/ertophchriswooderish/.local/share/virtualenvs/goldendoodle-2nXEMf0r/lib/python3.11/site-packages (from -r requirements.txt (line 39)) (0.21.0)
Requirement already satisfied: trio-websocket==0.9.2 in /home/ertophchriswooderish/.local/share/virtualenvs/goldendoodle-2nXEMf0r/lib/python3.11/site-packages (from -r requirements.txt (line 40)) (0.9.2)
Requirement already satisfied: Twisted==22.8.0 in /home/ertophchriswooderish/.local/share/virtualenvs/goldendoodle-2nXEMf0r/lib/python3.11/site-packages (from -r requirements.txt (line 41)) (22.8.0)
Requirement already satisfied: typing_extensions==4.3.0 in /home/ertophchriswooderish/.local/share/virtualenvs/goldendoodle-2nXEMf0r/lib/python3.11/site-packages (from -r requirements.txt (line 42)) (4.3.0)
Requirement already satisfied: urllib3==1.26.12 in /home/ertophchriswooderish/.local/share/virtualenvs/goldendoodle-2nXEMf0r/lib/python3.11/site-packages (from -r requirements.txt (line 43)) (1.26.12)
Requirement already satisfied: w3lib==2.0.1 in /home/ertophchriswooderish/.local/share/virtualenvs/goldendoodle-2nXEMf0r/lib/python3.11/site-packages (from -r requirements.txt (line 44)) (2.0.1)
Requirement already satisfied: wsproto==1.2.0 in /home/ertophchriswooderish/.local/share/virtualenvs/goldendoodle-2nXEMf0r/lib/python3.11/site-packages (from -r requirements.txt (line 45)) (1.2.0)
Requirement already satisfied: zope.interface==5.4.0 in /home/ertophchriswooderish/.local/share/virtualenvs/goldendoodle-2nXEMf0r/lib64/python3.11/site-packages (from -r requirements.txt (line 46)) (5.4.0)
Requirement already satisfied: setuptools in /home/ertophchriswooderish/.local/share/virtualenvs/goldendoodle-2nXEMf0r/lib/python3.11/site-packages (from Scrapy==2.6.2->-r requirements.txt (line 32)) (62.6.0)
Installing collected packages: Scrapy
  Attempting uninstall: Scrapy
    Found existing installation: Scrapy 2.4.0
    Uninstalling Scrapy-2.4.0:
      Successfully uninstalled Scrapy-2.4.0
Successfully installed Scrapy-2.6.2
2022-11-28 16:32:19 ./goldendoodle/doctest&sphinx.sh I command: pip install -U -r requirements.txt rc=0 <= allowed rc=0
2022-11-28 16:32:19 ./goldendoodle/doctest&sphinx.sh I command: cd /home/ertophchriswooderish/projects/Goldendoodle/goldendoodle rc=0 <= allowed rc=0
**********************************************************************
File "/home/ertophchriswooderish/projects/Goldendoodle/goldendoodle/./goldendoodle/spiders/recherchedechaîne_gldnddl.py", line 214, in recherchedechaîne_gldnddl.RecherchedechaîneGldddlSpider.parse_item
Failed example:
    with open(file) as findingsreport:
        findings = json.load(findingsreport)[0]
        str(str(findings['finding']).split(',')[2]).split("'")[1]
Exception raised:
    Traceback (most recent call last):
      File "/usr/lib64/python3.11/doctest.py", line 1350, in __run
        exec(compile(example.source, filename, "single",
      File "<doctest recherchedechaîne_gldnddl.RecherchedechaîneGldddlSpider.parse_item[4]>", line 3, in <module>
        str(str(findings['finding']).split(',')[2]).split("'")[1]
                ~~~~~~~~^^^^^^^^^^^
    KeyError: 'finding'
**********************************************************************
File "/home/ertophchriswooderish/projects/Goldendoodle/goldendoodle/./goldendoodle/spiders/recherchedechaîne_gldnddl.py", line 147, in recherchedechaîne_gldnddl.RecherchedechaîneGldddlSpider.parse_start_url
Failed example:
    os.system(f"scrapy crawl recherchedechaîne_gldnddl -O reports/findings.json -a gldnddlSearchString='Example' -a start_urls=https://example.com/")
Expected:
    0
Got:
    16384
**********************************************************************
2 items had failures:
   1 of   5 in recherchedechaîne_gldnddl.RecherchedechaîneGldddlSpider.parse_item
   1 of   3 in recherchedechaîne_gldnddl.RecherchedechaîneGldddlSpider.parse_start_url
***Test Failed*** 2 failures.
2022-11-28 16:32:19 ./goldendoodle/doctest&sphinx.sh E command: python -m doctest -o FAIL_FAST ./goldendoodle/spiders/__init__.py
./goldendoodle/spiders/utils/__init__.py
./goldendoodle/spiders/utils/gldnddl_utils.py
./goldendoodle/spiders/items.py
./goldendoodle/spiders/recherchedechaîne_gldnddl.py
./goldendoodle/middlewares.py
./goldendoodle/settings.py
./goldendoodle/pipelines.py
./ontwikkeling.py rc=1 > allowed rc=0
