
icetime topological timing analysis report
==========================================

Info: max_span_hack is enabled: estimate is conservative.

Report for critical path:
-------------------------

        lc40_13_6_1 (LogicCell40) [clk] -> lcout: 0.896 ns
     0.896 ns net_48975 (common.pb.tsyn_clks[0])
        t2906 (LocalMux) I -> O: 0.486 ns
        inmux_13_5_52970_53027 (InMux) I -> O: 0.382 ns
        lc40_13_5_4 (LogicCell40) in1 -> lcout: 0.589 ns
     2.353 ns net_48855 (common.pb.uart.rx_mod.symclk.clks_per_sym_limited_SB_LUT4_O_I2[0])
        t2899 (LocalMux) I -> O: 0.486 ns
        inmux_14_6_57189_57204 (InMux) I -> O: 0.382 ns
        t587 (CascadeMux) I -> O: 0.000 ns
        lc40_14_6_0 (LogicCell40) in2 -> carryout: 0.341 ns
     3.563 ns t464
        lc40_14_6_1 (LogicCell40) carryin -> carryout: 0.186 ns
     3.749 ns t465
        lc40_14_6_2 (LogicCell40) carryin -> carryout: 0.186 ns
     3.935 ns t466
        lc40_14_6_3 (LogicCell40) carryin -> carryout: 0.186 ns
     4.121 ns t467
        lc40_14_6_4 (LogicCell40) carryin -> carryout: 0.186 ns
     4.307 ns t468
        lc40_14_6_5 (LogicCell40) carryin -> carryout: 0.186 ns
     4.493 ns t469
        lc40_14_6_6 (LogicCell40) carryin -> carryout: 0.186 ns
     4.679 ns t470
        lc40_14_6_7 (LogicCell40) carryin -> carryout: 0.186 ns
     4.865 ns net_57243 (common.pb.uart.rx_mod.symclk.clks_per_sym_limited_SB_LUT4_O_I2[7])
        t477 (ICE_CARRY_IN_MUX) carryinitin -> carryinitout: 0.289 ns
        lc40_14_7_0 (LogicCell40) carryin -> carryout: 0.186 ns
     5.341 ns t478
        lc40_14_7_1 (LogicCell40) carryin -> carryout: 0.186 ns
     5.527 ns t479
        lc40_14_7_2 (LogicCell40) carryin -> carryout: 0.186 ns
     5.713 ns t480
        lc40_14_7_3 (LogicCell40) carryin -> carryout: 0.186 ns
     5.899 ns t481
        lc40_14_7_4 (LogicCell40) carryin -> carryout: 0.186 ns
     6.085 ns t482
        lc40_14_7_5 (LogicCell40) carryin -> carryout: 0.186 ns
     6.271 ns t483
        lc40_14_7_6 (LogicCell40) carryin -> carryout: 0.186 ns
     6.457 ns t484
        lc40_14_7_7 (LogicCell40) carryin -> carryout: 0.186 ns
     6.643 ns net_57366 (common.pb.uart.rx_mod.symclk.clks_per_sym_limited_SB_LUT4_O_I2[15])
        t489 (ICE_CARRY_IN_MUX) carryinitin -> carryinitout: 0.289 ns
        lc40_14_8_0 (LogicCell40) carryin -> carryout: 0.186 ns
     7.119 ns t490
        lc40_14_8_1 (LogicCell40) carryin -> carryout: 0.186 ns
     7.305 ns t491
        lc40_14_8_2 (LogicCell40) carryin -> carryout: 0.186 ns
     7.491 ns t492
        lc40_14_8_3 (LogicCell40) carryin -> carryout: 0.186 ns
     7.677 ns t493
        lc40_14_8_4 (LogicCell40) carryin -> carryout: 0.186 ns
     7.863 ns t494
        lc40_14_8_5 (LogicCell40) carryin -> carryout: 0.186 ns
     8.049 ns t495
        lc40_14_8_6 (LogicCell40) carryin -> carryout: 0.186 ns
     8.235 ns t496
        lc40_14_8_7 (LogicCell40) carryin -> carryout: 0.186 ns
     8.421 ns net_57489 ($nextpnr_ICESTORM_LC_39$I3)
        t501 (ICE_CARRY_IN_MUX) carryinitin -> carryinitout: 0.289 ns
        inmux_14_9_57533_57574 (InMux) I -> O: 0.382 ns
        lc40_14_9_0 (LogicCell40) in3 -> lcout: 0.465 ns
     9.558 ns net_53420 (common.pb.uart.rx_mod.symclk.clks_per_sym_limited_SB_LUT4_O_I2[23])
        odrv_14_9_53420_57275 (Odrv4) I -> O: 0.548 ns
        t3322 (Span4Mux_h4) I -> O: 0.465 ns
        t3321 (LocalMux) I -> O: 0.486 ns
        inmux_18_5_73379_73385 (InMux) I -> O: 0.382 ns
        lc40_18_5_0 (LogicCell40) in0 -> lcout: 0.662 ns
    12.101 ns net_69235 (common.pb.uart.rx_mod.symclk.clks_per_sym_limited[0])
        odrv_18_5_69235_73217 (Odrv4) I -> O: 0.548 ns
        t4427 (Span4Mux_h4) I -> O: 0.465 ns
        t4426 (LocalMux) I -> O: 0.486 ns
        inmux_16_6_65331_65357 (InMux) I -> O: 0.382 ns
        t775 (CascadeMux) I -> O: 0.000 ns
        lc40_16_6_0 (LogicCell40) in2 -> carryout: 0.341 ns
    14.324 ns t703
        lc40_16_6_1 (LogicCell40) carryin -> carryout: 0.186 ns
    14.510 ns net_65360 (common.pb.uart.rx_mod.symclk.sample_SB_DFFSR_Q_D_SB_LUT4_O_1_I2_SB_LUT4_O_I0_SB_CARRY_CO_CI[2])
        lc40_16_6_2 (LogicCell40) carryin -> carryout: 0.186 ns
    14.696 ns net_65366 (common.pb.uart.rx_mod.symclk.sample_SB_DFFSR_Q_D_SB_LUT4_O_1_I2_SB_LUT4_O_I0_SB_CARRY_CO_CI[3])
        lc40_16_6_3 (LogicCell40) carryin -> carryout: 0.186 ns
    14.882 ns net_65372 (common.pb.uart.rx_mod.symclk.sample_SB_DFFSR_Q_D_SB_LUT4_O_1_I2_SB_LUT4_O_I0_SB_CARRY_CO_CI[4])
        lc40_16_6_4 (LogicCell40) carryin -> carryout: 0.186 ns
    15.068 ns net_65378 (common.pb.uart.rx_mod.symclk.sample_SB_DFFSR_Q_D_SB_LUT4_O_1_I2_SB_LUT4_O_I0_SB_CARRY_CO_CI[5])
        lc40_16_6_5 (LogicCell40) carryin -> carryout: 0.186 ns
    15.254 ns net_65384 (common.pb.uart.rx_mod.symclk.sample_SB_DFFSR_Q_D_SB_LUT4_O_1_I2_SB_LUT4_O_I0_SB_CARRY_CO_CI[6])
        lc40_16_6_6 (LogicCell40) carryin -> carryout: 0.186 ns
    15.440 ns net_65390 (common.pb.uart.rx_mod.symclk.sample_SB_DFFSR_Q_D_SB_LUT4_O_1_I2_SB_LUT4_O_I0_SB_CARRY_CO_CI[7])
        lc40_16_6_7 (LogicCell40) carryin -> carryout: 0.186 ns
    15.626 ns net_65396 (common.pb.uart.rx_mod.symclk.sample_SB_DFFSR_Q_D_SB_LUT4_O_1_I2_SB_LUT4_O_I0_SB_CARRY_CO_CI[8])
        t706 (ICE_CARRY_IN_MUX) carryinitin -> carryinitout: 0.289 ns
        lc40_16_7_0 (LogicCell40) carryin -> carryout: 0.186 ns
    16.102 ns net_65477 (common.pb.uart.rx_mod.symclk.sample_SB_DFFSR_Q_D_SB_LUT4_O_1_I2_SB_LUT4_O_I0_SB_CARRY_CO_CI[9])
        lc40_16_7_1 (LogicCell40) carryin -> carryout: 0.186 ns
    16.288 ns net_65483 (common.pb.uart.rx_mod.symclk.sample_SB_DFFSR_Q_D_SB_LUT4_O_1_I2_SB_LUT4_O_I0_SB_CARRY_CO_CI[10])
        lc40_16_7_2 (LogicCell40) carryin -> carryout: 0.186 ns
    16.474 ns net_65489 (common.pb.uart.rx_mod.symclk.sample_SB_DFFSR_Q_D_SB_LUT4_O_1_I2_SB_LUT4_O_I0_SB_CARRY_CO_CI[11])
        lc40_16_7_3 (LogicCell40) carryin -> carryout: 0.186 ns
    16.660 ns net_65495 (common.pb.uart.rx_mod.symclk.sample_SB_DFFSR_Q_D_SB_LUT4_O_1_I2_SB_LUT4_O_I0_SB_CARRY_CO_CI[12])
        lc40_16_7_4 (LogicCell40) carryin -> carryout: 0.186 ns
    16.846 ns net_65501 (common.pb.uart.rx_mod.symclk.sample_SB_DFFSR_Q_D_SB_LUT4_O_1_I2_SB_LUT4_O_I0_SB_CARRY_CO_CI[13])
        lc40_16_7_5 (LogicCell40) carryin -> carryout: 0.186 ns
    17.032 ns net_65507 (common.pb.uart.rx_mod.symclk.sample_SB_DFFSR_Q_D_SB_LUT4_O_1_I2_SB_LUT4_O_I0_SB_CARRY_CO_CI[14])
        lc40_16_7_6 (LogicCell40) carryin -> carryout: 0.186 ns
    17.218 ns net_65513 (common.pb.uart.rx_mod.symclk.sample_SB_DFFSR_Q_D_SB_LUT4_O_1_I2_SB_LUT4_O_I0_SB_CARRY_CO_CI[15])
        lc40_16_7_7 (LogicCell40) carryin -> carryout: 0.186 ns
    17.404 ns net_65519 (common.pb.uart.rx_mod.symclk.sample_SB_DFFSR_Q_D_SB_LUT4_O_1_I2_SB_LUT4_O_I0_SB_CARRY_CO_CI[16])
        t711 (ICE_CARRY_IN_MUX) carryinitin -> carryinitout: 0.289 ns
        lc40_16_8_0 (LogicCell40) carryin -> carryout: 0.186 ns
    17.880 ns net_65600 (common.pb.uart.rx_mod.symclk.sample_SB_DFFSR_Q_D_SB_LUT4_O_1_I2_SB_LUT4_O_I0_SB_CARRY_CO_CI[17])
        lc40_16_8_1 (LogicCell40) carryin -> carryout: 0.186 ns
    18.066 ns net_65606 (common.pb.uart.rx_mod.symclk.sample_SB_DFFSR_Q_D_SB_LUT4_O_1_I2_SB_LUT4_O_I0_SB_CARRY_CO_CI[18])
        lc40_16_8_2 (LogicCell40) carryin -> carryout: 0.186 ns
    18.252 ns net_65612 (common.pb.uart.rx_mod.symclk.sample_SB_DFFSR_Q_D_SB_LUT4_O_1_I2_SB_LUT4_O_I0_SB_CARRY_CO_CI[19])
        lc40_16_8_3 (LogicCell40) carryin -> carryout: 0.186 ns
    18.438 ns net_65618 (common.pb.uart.rx_mod.symclk.sample_SB_DFFSR_Q_D_SB_LUT4_O_1_I2_SB_LUT4_O_I0_SB_CARRY_CO_CI[20])
        lc40_16_8_4 (LogicCell40) carryin -> carryout: 0.186 ns
    18.624 ns net_65624 (common.pb.uart.rx_mod.symclk.sample_SB_DFFSR_Q_D_SB_LUT4_O_1_I2_SB_LUT4_O_I0_SB_CARRY_CO_CI[21])
        inmux_16_8_65624_65634 (InMux) I -> O: 0.382 ns
        lc40_16_8_5 (LogicCell40) in3 -> lcout: 0.465 ns
    19.472 ns net_61456 (common.pb.uart.tx_mod.symclk.setup_SB_DFFSR_Q_D_SB_LUT4_O_I2_SB_LUT4_O_I0_SB_LUT4_O_3_I0[21])
        odrv_16_8_61456_57513 (Odrv4) I -> O: 0.548 ns
        t3844 (Span4Mux_v4) I -> O: 0.548 ns
        t3843 (LocalMux) I -> O: 0.486 ns
        inmux_18_7_73611_73664 (InMux) I -> O: 0.382 ns
        lc40_18_7_5 (LogicCell40) in3 -> lcout: 0.465 ns
    21.901 ns net_69486 (common.pb.uart.rx_mod.symclk.sample_SB_DFFSR_Q_D_SB_LUT4_O_1_I2_SB_LUT4_O_I0[21])
        t4435 (LocalMux) I -> O: 0.486 ns
        inmux_17_7_69551_69586 (InMux) I -> O: 0.382 ns
        lc40_17_7_5 (LogicCell40) in1 -> carryout: 0.382 ns
    23.152 ns t789
        lc40_17_7_6 (LogicCell40) carryin -> carryout: 0.186 ns
    23.338 ns t790
        lc40_17_7_7 (LogicCell40) carryin -> carryout: 0.186 ns
    23.524 ns net_69596 (common.pb.uart.tx_mod.symclk.symend_SB_DFFSR_Q_D_SB_LUT4_O_I3[23])
        t807 (ICE_CARRY_IN_MUX) carryinitin -> carryinitout: 0.289 ns
        lc40_17_8_0 (LogicCell40) carryin -> carryout: 0.186 ns
    23.999 ns t808
        lc40_17_8_1 (LogicCell40) carryin -> carryout: 0.186 ns
    24.185 ns t809
        lc40_17_8_2 (LogicCell40) carryin -> carryout: 0.186 ns
    24.371 ns t810
        lc40_17_8_3 (LogicCell40) carryin -> carryout: 0.186 ns
    24.557 ns t811
        lc40_17_8_4 (LogicCell40) carryin -> carryout: 0.186 ns
    24.743 ns t812
        lc40_17_8_5 (LogicCell40) carryin -> carryout: 0.186 ns
    24.930 ns t813
        lc40_17_8_6 (LogicCell40) carryin -> carryout: 0.186 ns
    25.116 ns t814
        lc40_17_8_7 (LogicCell40) carryin -> carryout: 0.186 ns
    25.302 ns net_69719 ($nextpnr_ICESTORM_LC_11$I3)
        t815 (ICE_CARRY_IN_MUX) carryinitin -> carryinitout: 0.289 ns
        inmux_17_9_69763_69804 (InMux) I -> O: 0.382 ns
        lc40_17_9_0 (LogicCell40) in3 -> lcout: 0.465 ns
    26.439 ns net_65650 (common.pb.uart.tx_mod.symclk.setup_SB_DFFSR_Q_D[0])
        odrv_17_9_65650_69369 (Odrv12) I -> O: 0.796 ns
        t4262 (LocalMux) I -> O: 0.486 ns
        inmux_17_16_70648_70682 (InMux) I -> O: 0.382 ns
        t995 (CascadeMux) I -> O: 0.000 ns
        lc40_17_16_3 (LogicCell40) in2 -> lcout: 0.558 ns
    28.661 ns net_66514 (common.pb.uart.tx_mod.symclk.symend_SB_DFFSR_Q_D_SB_LUT4_O_I3_SB_LUT4_I0_O[0])
        t4361 (LocalMux) I -> O: 0.486 ns
        inmux_16_15_66448_66468 (InMux) I -> O: 0.382 ns
    29.529 ns net_66468 (common.pb.uart.tx_mod.symclk.symend_SB_DFFSR_Q_D_SB_LUT4_O_I3_SB_LUT4_I0_O[0])
        lc40_16_15_1 (LogicCell40) in0 [setup]: 0.589 ns
    30.119 ns net_62313 (common.pb.uart.tx_mod.symclk.count[1])

Resolvable net names on path:
     0.896 ns ..  1.764 ns common.pb.tsyn_clks[0]
     2.353 ns ..  3.222 ns common.pb.uart.rx_mod.symclk.clks_per_sym_limited_SB_LUT4_O_I2[0]
     4.865 ns ..  5.155 ns common.pb.uart.rx_mod.symclk.clks_per_sym_limited_SB_LUT4_O_I2[7]
     6.643 ns ..  6.933 ns common.pb.uart.rx_mod.symclk.clks_per_sym_limited_SB_LUT4_O_I2[15]
     8.421 ns ..  9.093 ns $nextpnr_ICESTORM_LC_39$I3
     9.558 ns .. 11.440 ns common.pb.uart.rx_mod.symclk.clks_per_sym_limited_SB_LUT4_O_I2[23]
    12.101 ns .. 13.983 ns common.pb.uart.rx_mod.symclk.clks_per_sym_limited[0]
    14.510 ns .. 14.510 ns common.pb.uart.rx_mod.symclk.sample_SB_DFFSR_Q_D_SB_LUT4_O_1_I2_SB_LUT4_O_I0_SB_CARRY_CO_CI[2]
    14.696 ns .. 14.696 ns common.pb.uart.rx_mod.symclk.sample_SB_DFFSR_Q_D_SB_LUT4_O_1_I2_SB_LUT4_O_I0_SB_CARRY_CO_CI[3]
    14.882 ns .. 14.882 ns common.pb.uart.rx_mod.symclk.sample_SB_DFFSR_Q_D_SB_LUT4_O_1_I2_SB_LUT4_O_I0_SB_CARRY_CO_CI[4]
    15.068 ns .. 15.068 ns common.pb.uart.rx_mod.symclk.sample_SB_DFFSR_Q_D_SB_LUT4_O_1_I2_SB_LUT4_O_I0_SB_CARRY_CO_CI[5]
    15.254 ns .. 15.254 ns common.pb.uart.rx_mod.symclk.sample_SB_DFFSR_Q_D_SB_LUT4_O_1_I2_SB_LUT4_O_I0_SB_CARRY_CO_CI[6]
    15.440 ns .. 15.440 ns common.pb.uart.rx_mod.symclk.sample_SB_DFFSR_Q_D_SB_LUT4_O_1_I2_SB_LUT4_O_I0_SB_CARRY_CO_CI[7]
    15.626 ns .. 15.916 ns common.pb.uart.rx_mod.symclk.sample_SB_DFFSR_Q_D_SB_LUT4_O_1_I2_SB_LUT4_O_I0_SB_CARRY_CO_CI[8]
    16.102 ns .. 16.102 ns common.pb.uart.rx_mod.symclk.sample_SB_DFFSR_Q_D_SB_LUT4_O_1_I2_SB_LUT4_O_I0_SB_CARRY_CO_CI[9]
    16.288 ns .. 16.288 ns common.pb.uart.rx_mod.symclk.sample_SB_DFFSR_Q_D_SB_LUT4_O_1_I2_SB_LUT4_O_I0_SB_CARRY_CO_CI[10]
    16.474 ns .. 16.474 ns common.pb.uart.rx_mod.symclk.sample_SB_DFFSR_Q_D_SB_LUT4_O_1_I2_SB_LUT4_O_I0_SB_CARRY_CO_CI[11]
    16.660 ns .. 16.660 ns common.pb.uart.rx_mod.symclk.sample_SB_DFFSR_Q_D_SB_LUT4_O_1_I2_SB_LUT4_O_I0_SB_CARRY_CO_CI[12]
    16.846 ns .. 16.846 ns common.pb.uart.rx_mod.symclk.sample_SB_DFFSR_Q_D_SB_LUT4_O_1_I2_SB_LUT4_O_I0_SB_CARRY_CO_CI[13]
    17.032 ns .. 17.032 ns common.pb.uart.rx_mod.symclk.sample_SB_DFFSR_Q_D_SB_LUT4_O_1_I2_SB_LUT4_O_I0_SB_CARRY_CO_CI[14]
    17.218 ns .. 17.218 ns common.pb.uart.rx_mod.symclk.sample_SB_DFFSR_Q_D_SB_LUT4_O_1_I2_SB_LUT4_O_I0_SB_CARRY_CO_CI[15]
    17.404 ns .. 17.694 ns common.pb.uart.rx_mod.symclk.sample_SB_DFFSR_Q_D_SB_LUT4_O_1_I2_SB_LUT4_O_I0_SB_CARRY_CO_CI[16]
    17.880 ns .. 17.880 ns common.pb.uart.rx_mod.symclk.sample_SB_DFFSR_Q_D_SB_LUT4_O_1_I2_SB_LUT4_O_I0_SB_CARRY_CO_CI[17]
    18.066 ns .. 18.066 ns common.pb.uart.rx_mod.symclk.sample_SB_DFFSR_Q_D_SB_LUT4_O_1_I2_SB_LUT4_O_I0_SB_CARRY_CO_CI[18]
    18.252 ns .. 18.252 ns common.pb.uart.rx_mod.symclk.sample_SB_DFFSR_Q_D_SB_LUT4_O_1_I2_SB_LUT4_O_I0_SB_CARRY_CO_CI[19]
    18.438 ns .. 18.438 ns common.pb.uart.rx_mod.symclk.sample_SB_DFFSR_Q_D_SB_LUT4_O_1_I2_SB_LUT4_O_I0_SB_CARRY_CO_CI[20]
    18.624 ns .. 19.006 ns common.pb.uart.rx_mod.symclk.sample_SB_DFFSR_Q_D_SB_LUT4_O_1_I2_SB_LUT4_O_I0_SB_CARRY_CO_CI[21]
    19.472 ns .. 21.436 ns common.pb.uart.tx_mod.symclk.setup_SB_DFFSR_Q_D_SB_LUT4_O_I2_SB_LUT4_O_I0_SB_LUT4_O_3_I0[21]
    21.901 ns .. 22.769 ns common.pb.uart.rx_mod.symclk.sample_SB_DFFSR_Q_D_SB_LUT4_O_1_I2_SB_LUT4_O_I0[21]
    23.524 ns .. 23.813 ns common.pb.uart.tx_mod.symclk.symend_SB_DFFSR_Q_D_SB_LUT4_O_I3[23]
    25.302 ns .. 25.974 ns $nextpnr_ICESTORM_LC_11$I3
    26.439 ns .. 28.103 ns common.pb.uart.tx_mod.symclk.setup_SB_DFFSR_Q_D[0]
    28.661 ns .. 29.529 ns common.pb.uart.tx_mod.symclk.symend_SB_DFFSR_Q_D_SB_LUT4_O_I3_SB_LUT4_I0_O[0]
               carryout -> common.pb.uart.tx_mod.symclk.count_SB_DFFSR_Q_D_SB_LUT4_O_I3[2]
                  lcout -> common.pb.uart.tx_mod.symclk.count[1]

Total number of logic levels: 64
Total path delay: 30.12 ns (33.20 MHz)

